2023-07-08 20:34:12,613: INFO: root :************************** Test_001_Login ******************************
2023-07-08 20:34:12,613: INFO: root :*************************Verifying Home Page Title *********************
2023-07-08 20:34:16,332: INFO: root :*************************Home page title test is passed *********************
2023-07-08 20:34:19,758: INFO: root :************************* Veriying Login test *********************
2023-07-08 20:34:27,787: INFO: root :************************* Login test is passed *********************
2023-07-08 20:40:30,094: INFO: root :************************** Test_001_Login ******************************
2023-07-08 20:40:30,096: INFO: root :*************************Verifying Home Page Title *********************
2023-07-08 20:40:32,156: INFO: root :************************* Veriying Login test *********************
2023-07-08 20:40:35,993: INFO: root :*************************Home page title test is passed *********************
2023-07-08 20:40:39,781: INFO: root :************************* Login test is passed *********************
2023-07-08 20:54:16,194: INFO: root :************************** Test_001_Login ******************************
2023-07-08 20:54:16,223: INFO: root :*************************Verifying Home Page Title *********************
2023-07-08 20:54:17,307: INFO: root :************************* Veriying Login test *********************
2023-07-08 20:54:23,108: INFO: root :*************************Home page title test is passed *********************
2023-07-08 20:54:44,162: INFO: root :************************* Login test is passed *********************
2023-07-08 22:29:00,779: INFO: root :**************************Test_002_DDT_Login **********************
2023-07-08 22:29:00,780: INFO: root :************************* Veriying Login DD test *********************
2023-07-08 22:30:27,835: INFO: root :**************************Test_002_DDT_Login **********************
2023-07-08 22:30:27,835: INFO: root :************************* Veriying Login DD test *********************
2023-07-08 22:33:25,692: INFO: root :**************************Test_002_DDT_Login **********************
2023-07-08 22:33:25,693: INFO: root :************************* Veriying Login DD test *********************
2023-07-08 22:37:47,289: INFO: root :**************************Test_002_DDT_Login **********************
2023-07-08 22:37:47,289: INFO: root :************************* Veriying Login DD test *********************
2023-07-08 22:38:11,951: INFO: root :**** Passed *******
2023-07-08 22:38:24,097: INFO: root :**** Passed *******
2023-07-08 22:40:18,148: INFO: root :**************************Test_002_DDT_Login **********************
2023-07-08 22:40:18,149: INFO: root :************************* Veriying Login DD test *********************
2023-07-08 22:40:31,525: INFO: root :**** Passed *******
2023-07-08 22:40:38,857: INFO: root :**** Passed *******
2023-07-08 22:40:44,733: INFO: root :**** Passed *******
2023-07-08 22:40:50,527: INFO: root :**** Passed *******
2023-07-08 22:40:50,527: INFO: root :************** Login DDT Test passed  ****************
2023-07-08 22:40:50,675: INFO: root :************** End of Login DDT Test   ****************
2023-07-08 22:40:50,675: INFO: root :************** Completed TC_Login_DDT_002   ****************
